<?xml version="1.0" encoding="UTF-8"?>
<!-- Generated by org.testng.reporters.JUnitXMLReporter -->
<testsuite ignored="1" hostname="DESKTOP-NUIJU8C" failures="2" tests="2" name="Test" time="11.321" errors="0" timestamp="2022-03-20T14:51:57 IST">
  <testcase classname="tests.LoginPageTest" name="InvalidLoginTest" time="0.085">
    <failure type="java.lang.NullPointerException" message="Cannot invoke &amp;quot;org.apache.poi.xssf.usermodel.XSSFSheet.getRow(int)&amp;quot; because &amp;quot;this.invalid_data_sheet&amp;quot; is null">
      <![CDATA[java.lang.NullPointerException: Cannot invoke "org.apache.poi.xssf.usermodel.XSSFSheet.getRow(int)" because "this.invalid_data_sheet" is null
at tests.LoginPageTest.InvalidLoginTest(LoginPageTest.java:33)
at java.base/java.util.ArrayList.forEach(ArrayList.java:1511)
... Removed 27 stack frames]]>
    </failure>
  </testcase> <!-- InvalidLoginTest -->
  <testcase classname="tests.LoginPageTest" name="ValidLoginTest" time="0.003">
    <failure type="java.lang.NullPointerException" message="Cannot invoke &amp;quot;org.apache.poi.xssf.usermodel.XSSFSheet.getRow(int)&amp;quot; because &amp;quot;this.valid_data_sheet&amp;quot; is null">
      <![CDATA[java.lang.NullPointerException: Cannot invoke "org.apache.poi.xssf.usermodel.XSSFSheet.getRow(int)" because "this.valid_data_sheet" is null
at tests.LoginPageTest.ValidLoginTest(LoginPageTest.java:24)
at java.base/java.util.ArrayList.forEach(ArrayList.java:1511)
... Removed 27 stack frames]]>
    </failure>
  </testcase> <!-- ValidLoginTest -->
  <testcase classname="tests.BaseClass" name="@BeforeTest dataSetup" time="0.0">
    <ignored/>
  </testcase> <!-- @BeforeTest dataSetup -->
</testsuite> <!-- Test -->
