<?xml version="1.0" encoding="UTF-8"?>
<!-- Generated by org.testng.reporters.JUnitXMLReporter -->
<testsuite ignored="0" hostname="DESKTOP-NUIJU8C" failures="1" tests="1" name="Test2" time="4.964" errors="0" timestamp="2022-03-21T06:30:22 IST">
  <testcase classname="tests.LoginPageTest" name="ValidLoginTest" time="0.024">
    <failure type="java.lang.NullPointerException" message="Cannot invoke &amp;quot;com.relevantcodes.extentreports.ExtentTest.log(com.relevantcodes.extentreports.LogStatus, String)&amp;quot; because &amp;quot;tests.LoginPageTest.extTest&amp;quot; is null">
      <![CDATA[java.lang.NullPointerException: Cannot invoke "com.relevantcodes.extentreports.ExtentTest.log(com.relevantcodes.extentreports.LogStatus, String)" because "tests.LoginPageTest.extTest" is null
at tests.LoginPageTest.ValidLoginTest(LoginPageTest.java:30)
at java.base/java.util.ArrayList.forEach(ArrayList.java:1511)
... Removed 27 stack frames]]>
    </failure>
  </testcase> <!-- ValidLoginTest -->
</testsuite> <!-- Test2 -->
