<?xml version="1.0" encoding="UTF-8"?>
<testng-results ignored="0" total="1" passed="0" failed="1" skipped="0">
  <reporter-output>
  </reporter-output>
  <suite started-at="2022-03-21T06:40:12 IST" name="Suite" finished-at="2022-03-21T06:40:20 IST" duration-ms="8626">
    <groups>
    </groups>
    <test started-at="2022-03-21T06:40:12 IST" name="Test1" finished-at="2022-03-21T06:40:15 IST" duration-ms="3015">
      <class name="tests.BaseClass">
        <test-method is-config="true" signature="dataSetup()[pri:0, instance:tests.BaseClass@2accdbb5]" started-at="2022-03-21T06:40:12 IST" name="dataSetup" finished-at="2022-03-21T06:40:13 IST" duration-ms="1540" status="PASS">
          <reporter-output>
          </reporter-output>
        </test-method> <!-- dataSetup -->
        <test-method is-config="true" signature="dataTearDown()[pri:0, instance:tests.BaseClass@2accdbb5]" started-at="2022-03-21T06:40:13 IST" name="dataTearDown" finished-at="2022-03-21T06:40:15 IST" duration-ms="1440" status="PASS">
          <reporter-output>
          </reporter-output>
        </test-method> <!-- dataTearDown -->
      </class> <!-- tests.BaseClass -->
    </test> <!-- Test1 -->
    <test started-at="2022-03-21T06:40:15 IST" name="Test2" finished-at="2022-03-21T06:40:20 IST" duration-ms="5510">
      <class name="tests.LoginPageTest">
        <test-method is-config="true" signature="dataSetup()[pri:0, instance:tests.LoginPageTest@7205765b]" started-at="2022-03-21T06:40:15 IST" name="dataSetup" finished-at="2022-03-21T06:40:15 IST" duration-ms="150" status="PASS">
          <reporter-output>
          </reporter-output>
        </test-method> <!-- dataSetup -->
        <test-method is-config="true" signature="setUp(java.lang.reflect.Method)[pri:0, instance:tests.LoginPageTest@7205765b]" started-at="2022-03-21T06:40:15 IST" name="setUp" finished-at="2022-03-21T06:40:20 IST" duration-ms="4656" status="PASS">
          <params>
            <param index="0">
              <value>
                <![CDATA[public void tests.LoginPageTest.ValidLoginTest()]]>
              </value>
            </param>
          </params>
          <reporter-output>
          </reporter-output>
        </test-method> <!-- setUp -->
        <test-method is-config="true" signature="initialize(java.lang.reflect.Method)[pri:0, instance:tests.LoginPageTest@7205765b]" started-at="2022-03-21T06:40:20 IST" name="initialize" finished-at="2022-03-21T06:40:20 IST" duration-ms="37" status="PASS">
          <params>
            <param index="0">
              <value>
                <![CDATA[public void tests.LoginPageTest.ValidLoginTest()]]>
              </value>
            </param>
          </params>
          <reporter-output>
          </reporter-output>
        </test-method> <!-- initialize -->
        <test-method signature="ValidLoginTest()[pri:0, instance:tests.LoginPageTest@7205765b]" started-at="2022-03-21T06:40:20 IST" name="ValidLoginTest" finished-at="2022-03-21T06:40:20 IST" duration-ms="2" status="FAIL">
          <exception class="java.lang.NullPointerException">
            <message>
              <![CDATA[Cannot invoke "com.relevantcodes.extentreports.ExtentTest.log(com.relevantcodes.extentreports.LogStatus, String)" because "tests.LoginPageTest.extTest" is null]]>
            </message>
            <full-stacktrace>
              <![CDATA[java.lang.NullPointerException: Cannot invoke "com.relevantcodes.extentreports.ExtentTest.log(com.relevantcodes.extentreports.LogStatus, String)" because "tests.LoginPageTest.extTest" is null
at tests.LoginPageTest.ValidLoginTest(LoginPageTest.java:30)
at java.base/jdk.internal.reflect.NativeMethodAccessorImpl.invoke0(Native Method)
at java.base/jdk.internal.reflect.NativeMethodAccessorImpl.invoke(NativeMethodAccessorImpl.java:77)
at java.base/jdk.internal.reflect.DelegatingMethodAccessorImpl.invoke(DelegatingMethodAccessorImpl.java:43)
at java.base/java.lang.reflect.Method.invoke(Method.java:568)
at org.testng.internal.invokers.MethodInvocationHelper.invokeMethod(MethodInvocationHelper.java:135)
at org.testng.internal.invokers.TestInvoker.invokeMethod(TestInvoker.java:673)
at org.testng.internal.invokers.TestInvoker.invokeTestMethod(TestInvoker.java:220)
at org.testng.internal.invokers.MethodRunner.runInSequence(MethodRunner.java:50)
at org.testng.internal.invokers.TestInvoker$MethodInvocationAgent.invoke(TestInvoker.java:945)
at org.testng.internal.invokers.TestInvoker.invokeTestMethods(TestInvoker.java:193)
at org.testng.internal.invokers.TestMethodWorker.invokeTestMethods(TestMethodWorker.java:146)
at org.testng.internal.invokers.TestMethodWorker.run(TestMethodWorker.java:128)
at java.base/java.util.ArrayList.forEach(ArrayList.java:1511)
at org.testng.TestRunner.privateRun(TestRunner.java:808)
at org.testng.TestRunner.run(TestRunner.java:603)
at org.testng.SuiteRunner.runTest(SuiteRunner.java:429)
at org.testng.SuiteRunner.runSequentially(SuiteRunner.java:423)
at org.testng.SuiteRunner.privateRun(SuiteRunner.java:383)
at org.testng.SuiteRunner.run(SuiteRunner.java:326)
at org.testng.SuiteRunnerWorker.runSuite(SuiteRunnerWorker.java:52)
at org.testng.SuiteRunnerWorker.run(SuiteRunnerWorker.java:95)
at org.testng.TestNG.runSuitesSequentially(TestNG.java:1249)
at org.testng.TestNG.runSuitesLocally(TestNG.java:1169)
at org.testng.TestNG.runSuites(TestNG.java:1092)
at org.testng.TestNG.run(TestNG.java:1060)
at org.apache.maven.surefire.testng.TestNGExecutor.run(TestNGExecutor.java:284)
at org.apache.maven.surefire.testng.TestNGXmlTestSuite.execute(TestNGXmlTestSuite.java:75)
at org.apache.maven.surefire.testng.TestNGProvider.invoke(TestNGProvider.java:119)
at org.apache.maven.surefire.booter.ForkedBooter.runSuitesInProcess(ForkedBooter.java:428)
at org.apache.maven.surefire.booter.ForkedBooter.execute(ForkedBooter.java:162)
at org.apache.maven.surefire.booter.ForkedBooter.run(ForkedBooter.java:562)
at org.apache.maven.surefire.booter.ForkedBooter.main(ForkedBooter.java:548)
]]>
            </full-stacktrace>
          </exception> <!-- java.lang.NullPointerException -->
          <reporter-output>
          </reporter-output>
        </test-method> <!-- ValidLoginTest -->
        <test-method is-config="true" signature="afterMethod()[pri:0, instance:tests.LoginPageTest@7205765b]" started-at="2022-03-21T06:40:20 IST" name="afterMethod" finished-at="2022-03-21T06:40:20 IST" duration-ms="0" status="PASS">
          <reporter-output>
          </reporter-output>
        </test-method> <!-- afterMethod -->
        <test-method is-config="true" signature="teardown()[pri:0, instance:tests.LoginPageTest@7205765b]" started-at="2022-03-21T06:40:20 IST" name="teardown" finished-at="2022-03-21T06:40:20 IST" duration-ms="352" status="PASS">
          <reporter-output>
          </reporter-output>
        </test-method> <!-- teardown -->
        <test-method is-config="true" signature="dataTearDown()[pri:0, instance:tests.LoginPageTest@7205765b]" started-at="2022-03-21T06:40:20 IST" name="dataTearDown" finished-at="2022-03-21T06:40:20 IST" duration-ms="210" status="PASS">
          <reporter-output>
          </reporter-output>
        </test-method> <!-- dataTearDown -->
      </class> <!-- tests.LoginPageTest -->
    </test> <!-- Test2 -->
  </suite> <!-- Suite -->
</testng-results>
