<?xml version="1.0" encoding="UTF-8"?>
<testng-results ignored="0" total="2" passed="2" failed="0" skipped="0">
  <reporter-output>
  </reporter-output>
  <suite started-at="2022-03-21T07:03:54 IST" name="Default suite" finished-at="2022-03-21T07:04:04 IST" duration-ms="9445">
    <groups>
    </groups>
    <test started-at="2022-03-21T07:03:54 IST" name="Default test" finished-at="2022-03-21T07:04:04 IST" duration-ms="9445">
      <class name="tests.LoginPageTest">
        <test-method is-config="true" signature="dataSetup()[pri:0, instance:tests.LoginPageTest@1da2cb77]" started-at="2022-03-21T07:03:54 IST" name="dataSetup" finished-at="2022-03-21T07:03:55 IST" duration-ms="1228" status="PASS">
          <reporter-output>
          </reporter-output>
        </test-method> <!-- dataSetup -->
        <test-method is-config="true" signature="setUp(java.lang.reflect.Method)[pri:0, instance:tests.LoginPageTest@1da2cb77]" started-at="2022-03-21T07:03:55 IST" name="setUp" finished-at="2022-03-21T07:03:58 IST" duration-ms="2938" status="PASS">
          <params>
            <param index="0">
              <value>
                <![CDATA[public void tests.LoginPageTest.InvalidLoginTest()]]>
              </value>
            </param>
          </params>
          <reporter-output>
          </reporter-output>
        </test-method> <!-- setUp -->
        <test-method is-config="true" signature="initialize(java.lang.reflect.Method)[pri:0, instance:tests.LoginPageTest@1da2cb77]" started-at="2022-03-21T07:03:58 IST" name="initialize" finished-at="2022-03-21T07:03:58 IST" duration-ms="65" status="PASS">
          <params>
            <param index="0">
              <value>
                <![CDATA[public void tests.LoginPageTest.InvalidLoginTest()]]>
              </value>
            </param>
          </params>
          <reporter-output>
          </reporter-output>
        </test-method> <!-- initialize -->
        <test-method signature="InvalidLoginTest()[pri:0, instance:tests.LoginPageTest@1da2cb77]" started-at="2022-03-21T07:03:58 IST" name="InvalidLoginTest" finished-at="2022-03-21T07:03:59 IST" duration-ms="762" status="PASS">
          <reporter-output>
          </reporter-output>
        </test-method> <!-- InvalidLoginTest -->
        <test-method is-config="true" signature="afterMethod()[pri:0, instance:tests.LoginPageTest@1da2cb77]" started-at="2022-03-21T07:03:59 IST" name="afterMethod" finished-at="2022-03-21T07:03:59 IST" duration-ms="0" status="PASS">
          <reporter-output>
          </reporter-output>
        </test-method> <!-- afterMethod -->
        <test-method is-config="true" signature="teardown()[pri:0, instance:tests.LoginPageTest@1da2cb77]" started-at="2022-03-21T07:03:59 IST" name="teardown" finished-at="2022-03-21T07:03:59 IST" duration-ms="301" status="PASS">
          <reporter-output>
          </reporter-output>
        </test-method> <!-- teardown -->
        <test-method is-config="true" signature="setUp(java.lang.reflect.Method)[pri:0, instance:tests.LoginPageTest@1da2cb77]" started-at="2022-03-21T07:03:59 IST" name="setUp" finished-at="2022-03-21T07:04:02 IST" duration-ms="2179" status="PASS">
          <params>
            <param index="0">
              <value>
                <![CDATA[public void tests.LoginPageTest.ValidLoginTest()]]>
              </value>
            </param>
          </params>
          <reporter-output>
          </reporter-output>
        </test-method> <!-- setUp -->
        <test-method is-config="true" signature="initialize(java.lang.reflect.Method)[pri:0, instance:tests.LoginPageTest@1da2cb77]" started-at="2022-03-21T07:04:02 IST" name="initialize" finished-at="2022-03-21T07:04:02 IST" duration-ms="1" status="PASS">
          <params>
            <param index="0">
              <value>
                <![CDATA[public void tests.LoginPageTest.ValidLoginTest()]]>
              </value>
            </param>
          </params>
          <reporter-output>
          </reporter-output>
        </test-method> <!-- initialize -->
        <test-method signature="ValidLoginTest()[pri:0, instance:tests.LoginPageTest@1da2cb77]" started-at="2022-03-21T07:04:02 IST" name="ValidLoginTest" finished-at="2022-03-21T07:04:03 IST" duration-ms="949" status="PASS">
          <reporter-output>
          </reporter-output>
        </test-method> <!-- ValidLoginTest -->
        <test-method is-config="true" signature="afterMethod()[pri:0, instance:tests.LoginPageTest@1da2cb77]" started-at="2022-03-21T07:04:03 IST" name="afterMethod" finished-at="2022-03-21T07:04:03 IST" duration-ms="0" status="PASS">
          <reporter-output>
          </reporter-output>
        </test-method> <!-- afterMethod -->
        <test-method is-config="true" signature="teardown()[pri:0, instance:tests.LoginPageTest@1da2cb77]" started-at="2022-03-21T07:04:03 IST" name="teardown" finished-at="2022-03-21T07:04:03 IST" duration-ms="373" status="PASS">
          <reporter-output>
          </reporter-output>
        </test-method> <!-- teardown -->
        <test-method is-config="true" signature="dataTearDown()[pri:0, instance:tests.LoginPageTest@1da2cb77]" started-at="2022-03-21T07:04:03 IST" name="dataTearDown" finished-at="2022-03-21T07:04:04 IST" duration-ms="586" status="PASS">
          <reporter-output>
          </reporter-output>
        </test-method> <!-- dataTearDown -->
      </class> <!-- tests.LoginPageTest -->
    </test> <!-- Default test -->
  </suite> <!-- Default suite -->
</testng-results>
