<?xml version="1.0" encoding="UTF-8"?>
<testng-results ignored="0" total="1" passed="1" failed="0" skipped="0">
  <reporter-output>
  </reporter-output>
  <suite started-at="2022-07-08T13:32:09 IST" name="Default suite" finished-at="2022-07-08T13:32:23 IST" duration-ms="13615">
    <groups>
    </groups>
    <test started-at="2022-07-08T13:32:09 IST" name="Default test" finished-at="2022-07-08T13:32:23 IST" duration-ms="13615">
      <class name="tests.SearchItemPageTest">
        <test-method is-config="true" signature="dataSetup()[pri:0, instance:tests.SearchItemPageTest@3f6b0be5]" started-at="2022-07-08T13:32:09 IST" name="dataSetup" finished-at="2022-07-08T13:32:11 IST" duration-ms="1503" status="PASS">
          <reporter-output>
          </reporter-output>
        </test-method> <!-- dataSetup -->
        <test-method is-config="true" signature="setUp(java.lang.reflect.Method)[pri:0, instance:tests.SearchItemPageTest@3f6b0be5]" started-at="2022-07-08T13:32:11 IST" name="setUp" finished-at="2022-07-08T13:32:19 IST" duration-ms="8455" status="PASS">
          <params>
            <param index="0">
              <value>
                <![CDATA[public void tests.SearchItemPageTest.addHighPricedItemTest()]]>
              </value>
            </param>
          </params>
          <reporter-output>
          </reporter-output>
        </test-method> <!-- setUp -->
        <test-method is-config="true" signature="initialize()[pri:0, instance:tests.SearchItemPageTest@3f6b0be5]" started-at="2022-07-08T13:32:19 IST" name="initialize" finished-at="2022-07-08T13:32:21 IST" duration-ms="1855" status="PASS">
          <reporter-output>
          </reporter-output>
        </test-method> <!-- initialize -->
        <test-method signature="addHighPricedItemTest()[pri:0, instance:tests.SearchItemPageTest@3f6b0be5]" started-at="2022-07-08T13:32:21 IST" name="addHighPricedItemTest" finished-at="2022-07-08T13:32:21 IST" duration-ms="241" status="PASS">
          <reporter-output>
          </reporter-output>
        </test-method> <!-- addHighPricedItemTest -->
        <test-method is-config="true" signature="teardown()[pri:0, instance:tests.SearchItemPageTest@3f6b0be5]" started-at="2022-07-08T13:32:21 IST" name="teardown" finished-at="2022-07-08T13:32:21 IST" duration-ms="3" status="PASS">
          <reporter-output>
          </reporter-output>
        </test-method> <!-- teardown -->
        <test-method is-config="true" signature="dataTearDown()[pri:0, instance:tests.SearchItemPageTest@3f6b0be5]" started-at="2022-07-08T13:32:21 IST" name="dataTearDown" finished-at="2022-07-08T13:32:23 IST" duration-ms="1480" status="PASS">
          <reporter-output>
          </reporter-output>
        </test-method> <!-- dataTearDown -->
      </class> <!-- tests.SearchItemPageTest -->
    </test> <!-- Default test -->
  </suite> <!-- Default suite -->
</testng-results>
